0 verbose cli /usr/local/node/bin/node /usr/local/node/lib/node_modules/cnpm/node_modules/.bin/npm
1 info using npm@9.7.2
2 info using node@v14.19.3
3 timing npm:load:whichnode Completed in 1ms
4 timing config:load:defaults Completed in 2ms
5 timing config:load:file:/usr/local/node/lib/node_modules/cnpm/node_modules/npm/npmrc Completed in 0ms
6 timing config:load:builtin Completed in 1ms
7 timing config:load:cli Completed in 4ms
8 timing config:load:env Completed in 1ms
9 timing config:load:file:/server/tools/lifeRestart/.npmrc Completed in 0ms
10 timing config:load:project Completed in 1ms
11 timing config:load:file:/root/.cnpmrc Completed in 0ms
12 timing config:load:user Completed in 0ms
13 timing config:load:file:/usr/local/node/etc/npmrc Completed in 0ms
14 timing config:load:global Completed in 1ms
15 timing config:load:setEnvs Completed in 0ms
16 timing config:load Completed in 11ms
17 timing npm:load:configload Completed in 11ms
18 timing config:load:flatten Completed in 3ms
19 timing npm:load:mkdirpcache Completed in 13ms
20 timing npm:load:mkdirplogs Completed in 3ms
21 verbose title npm run build
22 verbose argv "--userconfig" "/root/.cnpmrc" "--disturl" "https://cdn.npmmirror.com/binaries/node" "--registry" "https://registry.npmmirror.com" "run" "build"
23 timing npm:load:setTitle Completed in 2ms
24 timing npm:load:display Completed in 0ms
25 verbose logfile logs-max:10 dir:/root/.npm/_logs/2023-07-04T14_26_05_650Z-
26 verbose logfile /root/.npm/_logs/2023-07-04T14_26_05_650Z-debug-0.log
27 timing npm:load:logFile Completed in 9ms
28 timing npm:load:timers Completed in 0ms
29 timing npm:load:configScope Completed in 0ms
30 timing npm:load Completed in 60ms
31 silly logfile done cleaning log files
32 http fetch GET 200 https://registry.npmmirror.com/npm 390ms (cache revalidated)
33 timing command:run Completed in 13728ms
34 verbose exit 0
35 timing npm Completed in 13841ms
36 info ok
